<?xml version="1.0" encoding="UTF-8"?>
<testsuite name="LibraryTest" tests="2" skipped="0" failures="0" errors="0" timestamp="2018-06-29T03:31:35" hostname="DESKTOP-AO0QD5U" time="0.001">
  <properties/>
  <testcase name="testSomeLibraryMethod" classname="LibraryTest" time="0.001"/>
  <testcase name="testPrintName" classname="LibraryTest" time="0.0"/>
  <system-out><![CDATA[]]></system-out>
  <system-err><![CDATA[]]></system-err>
</testsuite>
